2021-09-13
nemubot : 未完了
nemuhackJP : 未完了
ふぇいりす : 未完了


2021-09-17


2021-09-18
nemubot : 未完了


2021-09-26
トトロ : 3凸済み
reiji : 3凸済み
いぬーぴー : 3凸済み
たい焼き型プリンMarkII : 3凸済み
クロ : 3凸済み
ブローディア : 3凸済み
四季色 : 3凸済み
睡蓮（水 : 3凸済み
chihiro : 3凸済み
Luna(スマホ1台環境 : 3凸済み
Manjuu : 3凸済み
tom(ストライク) : 3凸済み
いか : 3凸済み
にゃんにゃか : 3凸済み
ぽこた : 3凸済み
アルメリア : 3凸済み
オワタン・オワコン・トロコン・ダメコン・ワンチャン : 3凸済み
カレーチキン : 3凸済み
シオン@初日完凸 : 3凸済み
スコット : 3凸済み
ドラ : 3凸済み
ナオ（天津風 : 3凸済み
ナミナミ : 3凸済み
ラスクちゃん : 3凸済み
新人 : 3凸済み
日本サーバー : 3凸済み
晴P＠683287566/ホントは楓P — : 3凸済み
村長(ウルガモス) : 3凸済み
調子 乗男 : 3凸済み
鮪山葵 : 3凸済み


2021-09-27
トトロ : 3凸済み
reiji : 3凸済み
いぬーぴー : 3凸済み
たい焼き型プリンMarkII : 3凸済み
クロ : 3凸済み
ブローディア : 3凸済み
四季色 : 3凸済み
睡蓮（水 : 3凸済み
chihiro : 3凸済み
Luna(スマホ1台環境 : 3凸済み
Manjuu : 3凸済み
tom(ストライク) : 3凸済み
いか : 3凸済み
にゃんにゃか : 3凸済み
ぽこた : 3凸済み
アルメリア : 3凸済み
オワタン・オワコン・トロコン・ダメコン・ワンチャン : 3凸済み
カレーチキン : 3凸済み
シオン@初日完凸 : 3凸済み
スコット : 3凸済み
ドラ : 3凸済み
ナオ（天津風 : 3凸済み
ナミナミ : 3凸済み
ラスクちゃん : 3凸済み
新人 : 3凸済み
日本サーバー : 3凸済み
晴P＠683287566/ホントは楓P — : 3凸済み
村長(ウルガモス) : 3凸済み
調子 乗男 : 3凸済み
鮪山葵 : 3凸済み


2021-09-28
トトロ : 3凸済み
reiji : 3凸済み
いぬーぴー : 3凸済み
たい焼き型プリンMarkII : 3凸済み
クロ : 3凸済み
ブローディア : 3凸済み
四季色 : 3凸済み
睡蓮（水 : 3凸済み
chihiro : 3凸済み
Luna(スマホ1台環境 : 3凸済み
Manjuu : 3凸済み
tom(ストライク) : 3凸済み
いか : 3凸済み
にゃんにゃか : 3凸済み
ぽこた : 3凸済み
アルメリア : 3凸済み
オワタン・オワコン・トロコン・ダメコン・ワンチャン : 3凸済み
カレーチキン : 3凸済み
シオン@初日完凸 : 3凸済み
スコット : 3凸済み
ドラ : 3凸済み
ナオ（天津風 : 3凸済み
ナミナミ : 3凸済み
ラスクちゃん : 3凸済み
新人 : 3凸済み
日本サーバー : 3凸済み
晴P＠683287566/ホントは楓P — : 3凸済み
村長(ウルガモス) : 3凸済み
調子 乗男 : 3凸済み
鮪山葵 : 3凸済み


2021-09-29
トトロ : 3凸済み
reiji : 3凸済み
いぬーぴー : 3凸済み
たい焼き型プリンMarkII : 3凸済み
クロ : 3凸済み
ブローディア : 3凸済み
四季色 : 3凸済み
睡蓮（水 : 3凸済み
chihiro : 3凸済み
Luna(スマホ1台環境 : 3凸済み
Manjuu : 3凸済み
tom(ストライク) : 3凸済み
いか : 3凸済み
にゃんにゃか : 3凸済み
ぽこた : 3凸済み
アルメリア : 3凸済み
オワタン・オワコン・トロコン・ダメコン・ワンチャン : 3凸済み
カレーチキン : 3凸済み
シオン@初日完凸 : 3凸済み
スコット : 3凸済み
ドラ : 3凸済み
ナオ（天津風 : 3凸済み
ナミナミ : 3凸済み
ラスクちゃん : 3凸済み
新人 : 3凸済み
日本サーバー : 3凸済み
晴P＠683287566/ホントは楓P — : 3凸済み
村長(ウルガモス) : 3凸済み
調子 乗男 : 3凸済み
鮪山葵 : 3凸済み


2021-09-30
トトロ : 未完了
reiji : 未完了
いぬーぴー : 未完了
たい焼き型プリンMarkII : 未完了
クロ : 未完了
ブローディア : 未完了
四季色 : 未完了
睡蓮（水 : 未完了
chihiro : 未完了
Luna(スマホ1台環境 : 未完了
Manjuu : 未完了
tom(ストライク) : 未完了
いか : 未完了
にゃんにゃか : 未完了
ぽこた : 未完了
アルメリア : 未完了
オワタン・オワコン・トロコン・ダメコン・ワンチャン : 未完了
カレーチキン : 未完了
シオン@初日完凸 : 未完了
スコット : 未完了
ドラ : 未完了
ナオ（天津風 : 未完了
ナミナミ : 未完了
ラスクちゃん : 未完了
新人 : 未完了
日本サーバー : 未完了
晴P＠683287566/ホントは楓P — : 未完了
村長(ウルガモス) : 未完了
調子 乗男 : 未完了
鮪山葵 : 未完了


2021-10-01
トトロ : 未完了
reiji : 未完了
いぬーぴー : 未完了
たい焼き型プリンMarkII : 未完了
クロ : 未完了
ブローディア : 未完了
四季色 : 未完了
睡蓮（水 : 未完了
chihiro : 未完了
Luna(スマホ1台環境 : 未完了
Manjuu : 未完了
tom(ストライク) : 未完了
いか : 未完了
にゃんにゃか : 未完了
ぽこた : 未完了
アルメリア : 未完了
オワタン・オワコン・トロコン・ダメコン・ワンチャン : 未完了
カレーチキン : 未完了
シオン@初日完凸 : 未完了
スコット : 未完了
ドラ : 未完了
ナオ（天津風 : 未完了
ナミナミ : 未完了
ラスクちゃん : 未完了
新人 : 未完了
日本サーバー : 未完了
晴P＠683287566/ホントは楓P — : 未完了
村長(ウルガモス) : 未完了
調子 乗男 : 未完了
鮪山葵 : 未完了


2021-10-02
トトロ : 未完了
reiji : 未完了
いぬーぴー : 未完了
たい焼き型プリンMarkII : 未完了
クロ : 未完了
ブローディア : 未完了
四季色 : 未完了
睡蓮（水 : 未完了
chihiro : 未完了
Luna(スマホ1台環境 : 未完了
Manjuu : 未完了
tom(ストライク) : 未完了
いか : 未完了
にゃんにゃか : 未完了
ぽこた : 未完了
アルメリア : 未完了
オワタン・オワコン・トロコン・ダメコン・ワンチャン : 未完了
カレーチキン : 未完了
シオン@初日完凸 : 未完了
スコット : 未完了
ドラ : 未完了
ナオ（天津風 : 未完了
ナミナミ : 未完了
ラスクちゃん : 未完了
新人 : 未完了
日本サーバー : 未完了
晴P＠683287566/ホントは楓P — : 未完了
村長(ウルガモス) : 未完了
調子 乗男 : 未完了
鮪山葵 : 未完了


2021-10-26
トトロ : 3凸済み
Manjuu : 3凸済み
chi1段階目152433凸済 : 3凸済み
ぽい : 3凸済み
Strahl : 3凸済み
Luna(スマホ1台環境 : 3凸済み
いぬーぴー : 3凸済み
クロ : 3凸済み
ブローディア : 3凸済み
四季色 : 3凸済み
睡蓮（水 : 3凸済み
reiji : 3凸済み
いか : 3凸済み
たい焼き型プリンMarkII : 3凸済み
ぽこた : 3凸済み
アルメリア : 3凸済み
オワタン・オワコン・トロコン・ダメコン・ワンチャン : 3凸済み
カレーチキン : 3凸済み
スコット : 3凸済み
タカサンブラック : 3凸済み
ツナわさびびび : 3凸済み
トムサンオレンジ : 3凸済み
ドラ : 3凸済み
ナオ（天津風 : 3凸済み
ラスクちゃん : 3凸済み
夜空 : 3凸済み
新人 : 3凸済み
日本サーバー : 3凸済み
晴P＠683287566/ホントは楓P — : 3凸済み
村長 : 3凸済み


2021-10-27
トトロ : 3凸済み
Manjuu : 3凸済み
chi1段階目152433凸済 : 3凸済み
ぽい : 3凸済み
Strahl : 3凸済み
Luna(スマホ1台環境 : 3凸済み
いぬーぴー : 3凸済み
クロ : 3凸済み
ブローディア : 3凸済み
四季色 : 3凸済み
睡蓮（水 : 3凸済み
reiji : 3凸済み
いか : 3凸済み
たい焼き型プリンMarkII : 3凸済み
ぽこた : 3凸済み
アルメリア : 3凸済み
オワタン・オワコン・トロコン・ダメコン・ワンチャン : 3凸済み
カレーチキン : 3凸済み
スコット : 3凸済み
タカサンブラック : 3凸済み
ツナわさびびび : 3凸済み
トムサンオレンジ : 3凸済み
ドラ : 3凸済み
ナオ（天津風 : 3凸済み
ラスクちゃん : 3凸済み
夜空 : 3凸済み
新人 : 3凸済み
日本サーバー : 3凸済み
晴P＠683287566/ホントは楓P — : 3凸済み
村長 : 3凸済み


2021-10-28
トトロ : 3凸済み
Manjuu : 3凸済み
chi1段階目152433凸済 : 3凸済み
ぽい : 3凸済み
Strahl : 3凸済み
Luna(スマホ1台環境 : 3凸済み
いぬーぴー : 3凸済み
クロ : 3凸済み
ブローディア : 3凸済み
四季色 : 3凸済み
睡蓮（水 : 3凸済み
reiji : 3凸済み
いか : 3凸済み
たい焼き型プリンMarkII : 3凸済み
ぽこた : 3凸済み
アルメリア : 3凸済み
オワタン・オワコン・トロコン・ダメコン・ワンチャン : 3凸済み
カレーチキン : 3凸済み
スコット : 3凸済み
タカサンブラック : 3凸済み
ツナわさびびび : 3凸済み
トムサンオレンジ : 3凸済み
ドラ : 3凸済み
ナオ（天津風 : 3凸済み
ラスクちゃん : 3凸済み
夜空 : 3凸済み
新人 : 3凸済み
日本サーバー : 3凸済み
晴P＠683287566/ホントは楓P — : 3凸済み
村長 : 3凸済み


2021-10-29
トトロ : 3凸済み
Manjuu : 3凸済み
chi1段階目152433凸済 : 3凸済み
ぽい : 3凸済み
Strahl : 3凸済み
Luna(スマホ1台環境 : 3凸済み
いぬーぴー : 3凸済み
クロ : 3凸済み
ブローディア : 3凸済み
四季色 : 3凸済み
睡蓮（水 : 3凸済み
reiji : 3凸済み
いか : 3凸済み
たい焼き型プリンMarkII : 3凸済み
ぽこた : 3凸済み
アルメリア : 3凸済み
オワタン・オワコン・トロコン・ダメコン・ワンチャン : 3凸済み
カレーチキン : 3凸済み
スコット : 3凸済み
タカサンブラック : 3凸済み
ツナわさびびび : 3凸済み
トムサンオレンジ : 3凸済み
ドラ : 3凸済み
ナオ（天津風 : 3凸済み
ラスクちゃん : 3凸済み
夜空 : 3凸済み
新人 : 3凸済み
日本サーバー : 3凸済み
晴P＠683287566/ホントは楓P — : 3凸済み
村長 : 3凸済み


2021-10-30
トトロ : 3凸済み
Manjuu : 3凸済み
chi1段階目152433凸済 : 3凸済み
ぽい : 3凸済み
Strahl : 3凸済み
Luna(スマホ1台環境 : 3凸済み
いぬーぴー : 3凸済み
クロ : 3凸済み
ブローディア : 3凸済み
四季色 : 3凸済み
睡蓮（水 : 3凸済み
reiji : 3凸済み
いか : 3凸済み
たい焼き型プリンMarkII : 3凸済み
ぽこた : 3凸済み
アルメリア : 3凸済み
オワタン・オワコン・トロコン・ダメコン・ワンチャン : 3凸済み
カレーチキン : 3凸済み
スコット : 3凸済み
タカサンブラック : 3凸済み
ツナわさびびび : 3凸済み
トムサンオレンジ : 3凸済み
ドラ : 3凸済み
ナオ（天津風 : 3凸済み
ラスクちゃん : 3凸済み
夜空 : 3凸済み
新人 : 3凸済み
日本サーバー : 3凸済み
晴P＠683287566/ホントは楓P — : 3凸済み
村長 : 3凸済み


2021-10-31
トトロ : 未完了
Manjuu : 未完了
chi1段階目152433凸済 : 未完了
ぽい : 未完了
Strahl : 未完了
Luna(スマホ1台環境 : 未完了
いぬーぴー : 未完了
クロ : 未完了
ブローディア : 未完了
四季色 : 未完了
睡蓮（水 : 未完了
reiji : 未完了
いか : 未完了
たい焼き型プリンMarkII : 未完了
ぽこた : 未完了
アルメリア : 未完了
オワタン・オワコン・トロコン・ダメコン・ワンチャン : 未完了
カレーチキン : 未完了
スコット : 未完了
タカサンブラック : 未完了
ツナわさびびび : 未完了
トムサンオレンジ : 未完了
ドラ : 未完了
ナオ（天津風 : 未完了
ラスクちゃん : 未完了
夜空 : 未完了
新人 : 未完了
日本サーバー : 未完了
晴P＠683287566/ホントは楓P — : 未完了
村長 : 未完了


2021-11-02
トトロ : 未完了
Manjuu : 未完了
chi1段階目152433凸済 : 未完了
ぽい : 未完了
Strahl : 未完了
Luna(スマホ1台環境 : 未完了
いぬーぴー : 未完了
クロ : 未完了
ブローディア : 未完了
四季色 : 未完了
睡蓮（水 : 未完了
reiji : 未完了
いか : 未完了
たい焼き型プリンMarkII : 未完了
ぽこた : 未完了
アルメリア : 未完了
オワタン・オワコン・トロコン・ダメコン・ワンチャン : 未完了
カレーチキン : 未完了
スコット : 未完了
タカサンブラック : 未完了
ツナわさびびび : 未完了
トムサンオレンジ : 未完了
ドラ : 未完了
ナオ（天津風 : 未完了
ラスクちゃん : 未完了
夜空 : 未完了
新人 : 未完了
日本サーバー : 未完了
晴P＠683287566/ホントは楓P — : 未完了
村長 : 未完了


2021-11-03
トトロ : 未完了
Manjuu : 未完了
chi1段階目152433凸済 : 未完了
ぽい : 未完了
Strahl : 未完了
Luna(スマホ1台環境 : 未完了
いぬーぴー : 未完了
クロ : 未完了
ブローディア : 未完了
四季色 : 未完了
睡蓮（水 : 未完了
reiji : 未完了
いか : 未完了
たい焼き型プリンMarkII : 未完了
ぽこた : 未完了
アルメリア : 未完了
オワタン・オワコン・トロコン・ダメコン・ワンチャン : 未完了
カレーチキン : 未完了
スコット : 未完了
タカサンブラック : 未完了
ツナわさびびび : 未完了
トムサンオレンジ : 未完了
ドラ : 未完了
ナオ（天津風 : 未完了
ラスクちゃん : 未完了
夜空 : 未完了
新人 : 未完了
日本サーバー : 未完了
晴P＠683287566/ホントは楓P — : 未完了
村長 : 未完了


2021-11-22
トトロ : 未完了
ドラ : 未完了
tomsan : 未完了


2021-11-23
トトロ : 未完了
ドラ : 未完了
tomsan : 未完了
ククルククル : 未完了
TOY : 未完了
ラスク@凸18時以降 : 未完了


2021-11-24
トトロ : 未完了
ドラ : 未完了
tomsan : 未完了
ククルククル : 未完了
TOY : 未完了
ラスク@凸18時以降 : 未完了
[初日AM5時15.24.33] 線:LUKA-SEN : 未完了
Manjuu : 未完了
Strahl : 未完了
らむね : 未完了
オワタン・オワコン・ピュアコン・トロコン・ダメコンワンチャン🐙🍆 : 未完了
reiji : 未完了
ぽるふぇ : 未完了
ナオ（天津風 : 未完了
ブローディア : 未完了
chihiro Princess Connect Re:Dive : 未完了
四季色 : 未完了
cosmo(キャルちゃん) : 未完了
いか : 未完了
じゃせ（初日1-5 2-4 2-4) : 未完了
たい焼き型プリンMarkII : 未完了
なつ : 未完了
ぽい : 未完了
ゆずり : 未完了
シンジン : 未完了
カレーチキン : 未完了
スコット : 未完了
ツナわさび大福餅 : 未完了
夜空 : 未完了
晴P＠683287566/ホントは楓P — : 未完了


2021-11-25
トトロ : 3凸済み
ドラ : 3凸済み
tomsan : 3凸済み
ククルククル : 3凸済み
TOY : 3凸済み
ラスク@凸18時以降 : 3凸済み
[初日AM5時15.24.33] 線:LUKA-SEN : 3凸済み
Manjuu : 3凸済み
Strahl : 3凸済み
らむね : 3凸済み
オワタン・オワコン・ピュアコン・トロコン・ダメコンワンチャン🐙🍆 : 3凸済み
reiji : 3凸済み
ぽるふぇ : 3凸済み
ナオ（天津風 : 3凸済み
ブローディア : 3凸済み
chihiro Princess Connect Re:Dive : 3凸済み
四季色 : 3凸済み
cosmo(キャルちゃん) : 3凸済み
いか : 3凸済み
じゃせ（初日1-5 2-4 2-4) : 3凸済み
たい焼き型プリンMarkII : 3凸済み
なつ : 3凸済み
ぽい : 未完了
ゆずり : 3凸済み
シンジン : 3凸済み
カレーチキン : 3凸済み
スコット : 3凸済み
ツナわさび大福餅 : 3凸済み
夜空 : 3凸済み
晴P＠683287566/ホントは楓P — : 3凸済み


2021-11-26
トトロ : 3凸済み
ドラ : 3凸済み
tomsan : 3凸済み
ククルククル : 3凸済み
TOY : 3凸済み
ラスク@凸18時以降 : 3凸済み
[初日AM5時15.24.33] 線:LUKA-SEN : 3凸済み
Manjuu : 3凸済み
Strahl : 3凸済み
らむね : 3凸済み
オワタン・オワコン・ピュアコン・トロコン・ダメコンワンチャン🐙🍆 : 3凸済み
reiji : 3凸済み
ぽるふぇ : 3凸済み
ナオ（天津風 : 3凸済み
ブローディア : 3凸済み
chihiro Princess Connect Re:Dive : 3凸済み
四季色 : 3凸済み
cosmo(キャルちゃん) : 3凸済み
いか : 3凸済み
じゃせ（初日1-5 2-4 2-4) : 3凸済み
たい焼き型プリンMarkII : 3凸済み
なつ : 3凸済み
ぽい : 3凸済み
ゆずり : 3凸済み
シンジン : 3凸済み
カレーチキン : 3凸済み
スコット : 3凸済み
ツナわさび大福餅 : 3凸済み
夜空 : 3凸済み
晴P＠683287566/ホントは楓P — : 3凸済み


2021-11-27
トトロ : 3凸済み
ドラ : 3凸済み
tomsan : 3凸済み
ククルククル : 3凸済み
TOY : 3凸済み
ラスク@凸18時以降 : 3凸済み
[初日AM5時15.24.33] 線:LUKA-SEN : 3凸済み
Manjuu : 3凸済み
Strahl : 3凸済み
らむね : 3凸済み
オワタン・オワコン・ピュアコン・トロコン・ダメコンワンチャン🐙🍆 : 3凸済み
reiji : 3凸済み
ぽるふぇ : 3凸済み
ナオ（天津風 : 3凸済み
ブローディア : 3凸済み
chihiro Princess Connect Re:Dive : 3凸済み
四季色 : 3凸済み
cosmo(キャルちゃん) : 未完了
いか : 3凸済み
じゃせ（初日1-5 2-4 2-4) : 3凸済み
たい焼き型プリンMarkII : 3凸済み
なつ : 3凸済み
ぽい : 3凸済み
ゆずり : 3凸済み
シンジン : 3凸済み
カレーチキン : 3凸済み
スコット : 3凸済み
ツナわさび大福餅 : 3凸済み
夜空 : 3凸済み
晴P＠683287566/ホントは楓P — : 3凸済み


2021-11-28
トトロ : 3凸済み
ドラ : 3凸済み
tomsan : 3凸済み
ククルククル : 3凸済み
TOY : 3凸済み
ラスク@凸18時以降 : 3凸済み
[初日AM5時15.24.33] 線:LUKA-SEN : 3凸済み
Manjuu : 3凸済み
Strahl : 3凸済み
らむね : 3凸済み
オワタン・オワコン・ピュアコン・トロコン・ダメコンワンチャン🐙🍆 : 3凸済み
reiji : 3凸済み
ぽるふぇ : 3凸済み
ナオ（天津風 : 3凸済み
ブローディア : 3凸済み
chihiro Princess Connect Re:Dive : 3凸済み
四季色 : 3凸済み
cosmo(キャルちゃん) : 3凸済み
いか : 3凸済み
じゃせ（初日1-5 2-4 2-4) : 3凸済み
たい焼き型プリンMarkII : 3凸済み
なつ : 3凸済み
ぽい : 3凸済み
ゆずり : 3凸済み
シンジン : 3凸済み
カレーチキン : 3凸済み
スコット : 3凸済み
ツナわさび大福餅 : 3凸済み
夜空 : 3凸済み
晴P＠683287566/ホントは楓P — : 3凸済み


2021-12-08
ちぇるbot : 未完了
ふぇいりす : 未完了


2021-12-09
ちぇるbot : 未完了
ふぇいりす : 未完了


2021-12-11
ちぇるbot : 未完了
ふぇいりす : 未完了


2021-12-13
ちぇるbot : 未完了
ふぇいりす : 未完了


2021-12-14
ちぇるbot : 未完了
ふぇいりす : 未完了
test_bot_chell : 未完了


2021-12-16
ちぇるbot : 未完了
ふぇいりす : 未完了
test_bot_chell : 未完了


2021-12-17
ちぇるbot : 未完了
ふぇいりす : 未完了
test_bot_chell : 未完了


2021-12-18
ちぇるbot : 未完了
ふぇいりす : 未完了
test_bot_chell : 未完了


2021-12-19


2021-12-25
ちぇるbot : 未完了


2022-01-03
ちぇるbot : 未完了


2022-01-04
ちぇるbot : 未完了


2022-01-27
トトロ : 3凸済み
tomsan : 3凸済み
いか : 3凸済み
きゅーさん : 3凸済み
ちょこ : 3凸済み
なつ　10時から15時 : 3凸済み
ぱすかる : 3凸済み
ブローディア : 3凸済み
四季色 : 3凸済み
Strahl(9~12時睡眠中) : 3凸済み
ここ(ﾆｭｰｲﾔｰ)🌽 : 3凸済み
しんじん : 3凸済み
すまいる : 3凸済み
ちっぱいとちんちん : 3凸済み
ぬいぬい : 3凸済み
ぽい : 3凸済み
わろたぱっど : 3凸済み
オワタン・オワコン・オワソン・ピュアコン・ダメコン🏆🐶🐙🍆 : 3凸済み
ナオ（天津風 : 3凸済み
フェルノ : 3凸済み
ムーミン : 3凸済み
メリ : 3凸済み
ラスク : 3凸済み
剣心 : 3凸済み
夜空 : 3凸済み
ドラ : 3凸済み
クリス : 3凸済み
ギン : 3凸済み
クルル : 3凸済み
ツナわさび : 3凸済み


2022-01-28
トトロ : 3凸済み
tomsan : 3凸済み
いか : 3凸済み
きゅーさん : 3凸済み
ちょこ : 3凸済み
なつ　10時から15時 : 3凸済み
ぱすかる : 3凸済み
ブローディア : 3凸済み
四季色 : 3凸済み
Strahl(9~12時睡眠中) : 3凸済み
ここ(ﾆｭｰｲﾔｰ)🌽 : 3凸済み
しんじん : 3凸済み
すまいる : 3凸済み
ちっぱいとちんちん : 未完了
ぬいぬい : 3凸済み
ぽい : 3凸済み
わろたぱっど : 3凸済み
オワタン・オワコン・オワソン・ピュアコン・ダメコン🏆🐶🐙🍆 : 3凸済み
ナオ（天津風 : 3凸済み
フェルノ : 3凸済み
ムーミン : 3凸済み
メリ : 3凸済み
ラスク : 3凸済み
剣心 : 3凸済み
夜空 : 3凸済み
ドラ : 3凸済み
クリス : 3凸済み
ギン : 3凸済み
クルル : 3凸済み
ツナわさび : 3凸済み


2022-01-29
トトロ : 3凸済み
tomsan : 3凸済み
いか : 3凸済み
きゅーさん : 3凸済み
ちょこ : 3凸済み
なつ　10時から15時 : 3凸済み
ぱすかる : 3凸済み
ブローディア : 3凸済み
四季色 : 3凸済み
Strahl(9~12時睡眠中) : 3凸済み
ここ(ﾆｭｰｲﾔｰ)🌽 : 3凸済み
しんじん : 3凸済み
すまいる : 3凸済み
ちっぱいとちんちん : 3凸済み
ぬいぬい : 3凸済み
ぽい : 3凸済み
わろたぱっど : 3凸済み
オワタン・オワコン・オワソン・ピュアコン・ダメコン🏆🐶🐙🍆 : 3凸済み
ナオ（天津風 : 3凸済み
フェルノ : 3凸済み
ムーミン : 3凸済み
メリ : 3凸済み
ラスク : 3凸済み
剣心 : 3凸済み
夜空 : 3凸済み
ドラ : 3凸済み
クリス : 3凸済み
ギン : 3凸済み
クルル : 3凸済み
ツナわさび : 3凸済み


2022-01-30
トトロ : 3凸済み
tomsan : 3凸済み
いか : 3凸済み
きゅーさん : 3凸済み
ちょこ : 3凸済み
なつ　10時から15時 : 3凸済み
ぱすかる : 3凸済み
ブローディア : 3凸済み
四季色 : 3凸済み
Strahl(9~12時睡眠中) : 3凸済み
ここ(ﾆｭｰｲﾔｰ)🌽 : 3凸済み
しんじん : 3凸済み
すまいる : 3凸済み
ちっぱいとちんちん : 未完了
ぬいぬい : 3凸済み
ぽい : 3凸済み
わろたぱっど : 3凸済み
オワタン・オワコン・オワソン・ピュアコン・ダメコン🏆🐶🐙🍆 : 3凸済み
ナオ（天津風 : 3凸済み
フェルノ : 3凸済み
ムーミン : 3凸済み
メリ : 3凸済み
ラスク : 3凸済み
剣心 : 3凸済み
夜空 : 3凸済み
ドラ : 3凸済み
クリス : 3凸済み
ギン : 3凸済み
クルル : 3凸済み
ツナわさび : 3凸済み


2022-02-08
トトロ : 未完了
村長 : 未完了


2022-02-09
トトロ : 未完了
村長 : 未完了
タカサンブラック : 未完了


2022-02-12
トトロ : 未完了
村長 : 未完了
タカサンブラック : 未完了
ドラ : 未完了
SAI : 未完了
四季色 : 未完了
mintear : 未完了
フェルノ : 未完了


2022-02-18
トトロ : 未完了
村長 : 未完了
四季色 : 未完了


2022-02-19
トトロ : 未完了
村長 : 未完了
四季色 : 未完了
ラスク : 未完了
しんじん１、３、５ : 未完了


2022-02-22
トトロ : 未完了
ハヤオキしたい : 未完了
四季色 : 未完了
ラスク : 未完了
しんじん１、３、５ : 未完了
MoNo : 未完了
Strahl : 未完了
とみゃ : 未完了
剣心 : 未完了
タカサンブラック : 未完了
ブレンドしたい : 未完了
tomsan : 未完了


2022-02-23
トトロ : 3凸済み
四季色 : 3凸済み
ラスク : 3凸済み
しんじん１、３、５ : 3凸済み
MoNo : 3凸済み
Strahl : 3凸済み
とみゃ : 3凸済み
剣心 : 3凸済み
タカサンブラック : 3凸済み
ブレンドしたい : 3凸済み
tomsan : 3凸済み
もるたん⁸ : 3凸済み
ツナわさび : 3凸済み
オワタン・オワコン・オワソン・ピュアコン・ダメコン🏆🐶🐙🍆 : 3凸済み
ぽい : 3凸済み
甘兎 : 3凸済み
村長 : 3凸済み
ブローディア : 3凸済み
SAI : 3凸済み
mintear : 3凸済み
シロヱ : 3凸済み
サグ : 3凸済み
ドラ : 3凸済み
masa(じゅじゅ様可愛い) : 3凸済み
天縁神ふゆ : 3凸済み
chihiro妹から姉行きたい人歓迎 : 3凸済み
てりやき : 3凸済み
ナオ（天津風 : 3凸済み
フェルノ : 3凸済み
小桜アオ : 3凸済み


2022-02-24
トトロ : 3凸済み
四季色 : 3凸済み
ラスク : 3凸済み
しんじん１、３、５ : 3凸済み
MoNo : 未完了
Strahl : 3凸済み
とみゃ : 3凸済み
剣心 : 3凸済み
タカサンブラック : 未完了
ブレンドしたい : 未完了
tomsan : 3凸済み
もるたん⁸ : 未完了
ツナわさび : 3凸済み
オワタン・オワコン・オワソン・ピュアコン・ダメコン🏆🐶🐙🍆 : 未完了
ぽい : 3凸済み
甘兎 : 3凸済み
村長 : 3凸済み
ブローディア : 未完了
SAI : 未完了
mintear : 未完了
シロヱ : 3凸済み
サグ : 未完了
ドラ : 未完了
masa(じゅじゅ様可愛い) : 未完了
天縁神ふゆ : 未完了
chihiro妹から姉行きたい人歓迎 : 3凸済み
てりやき : 未完了
ナオ（天津風 : 3凸済み
フェルノ : 未完了
小桜アオ : 未完了


2022-02-25
トトロ : 3凸済み
四季色 : 3凸済み
ラスク : 3凸済み
しんじん１、３、５ : 3凸済み
MoNo : 未完了
Strahl : 未完了
とみゃ : 未完了
剣心 : 3凸済み
タカサンブラック : 未完了
ブレンドしたい : 未完了
tomsan : 未完了
もるたん⁸ : 未完了
ツナわさび : 3凸済み
オワタン・オワコン・オワソン・ピュアコン・ダメコン🏆🐶🐙🍆 : 未完了
ぽい : 未完了
甘兎 : 3凸済み
村長 : 3凸済み
ブローディア : 未完了
SAI : 3凸済み
mintear : 3凸済み
シロヱ : 未完了
サグ : 未完了
ドラ : 未完了
masa(じゅじゅ様可愛い) : 未完了
天縁神ふゆ : 未完了
chihiro妹から姉行きたい人歓迎 : 未完了
てりやき : 未完了
ナオ（天津風 : 3凸済み
フェルノ : 未完了
小桜アオ : 未完了


2022-02-26
トトロ : 3凸済み
四季色 : 未完了
ラスク : 3凸済み
しんじん１、３、５ : 未完了
MoNo : 3凸済み
Strahl : 3凸済み
とみゃ : 未完了
剣心 : 3凸済み
タカサンブラック : 未完了
ブレンドしたい : 3凸済み
tomsan : 未完了
もるたん⁸ : 未完了
ツナわさび : 3凸済み
オワタン・オワコン・オワソン・ピュアコン・ダメコン🏆🐶🐙🍆 : 未完了
ぽい : 3凸済み
甘兎 : 未完了
村長 : 3凸済み
ブローディア : 未完了
SAI : 3凸済み
mintear : 未完了
シロヱ : 3凸済み
サグ : 未完了
ドラ : 3凸済み
masa(じゅじゅ様可愛い) : 未完了
天縁神ふゆ : 未完了
chihiro妹から姉行きたい人歓迎 : 未完了
てりやき : 未完了
ナオ（天津風 : 3凸済み
フェルノ : 未完了
小桜アオ : 3凸済み


2022-05-21
ちぇるbot : 未完了


2022-05-22
ちぇるbot : 未完了


2022-05-28
ちぇるbot : 未完了
トトロ : 未完了


